<?xml version="1.0" encoding="UTF-8"?>
<testsuite xmlns:xsi="http://www.w3.org/2001/XMLSchema-instance" xsi:noNamespaceSchemaLocation="https://maven.apache.org/surefire/maven-surefire-plugin/xsd/surefire-test-report.xsd" name="HelloTest" time="0.011" tests="2" errors="0" skipped="0" failures="0">
  <properties>
[...]
</properties>
  <testcase name="checkIfOneEqualsOne" classname="HelloTest" time="0.004"/>
  <testcase name="checkIfOneIsNotEqualsToTwo" classname="HelloTest" time="0.001"/>
</testsuite>